<?xml version="1.0" encoding="UTF-8"?>
<!-- Generated by org.testng.reporters.JUnitXMLReporter -->
<testsuite hostname="Qcentris127" ignored="0" name="ParaBankTest" tests="5" failures="0" timestamp="2021-01-05T18:27:37 EET" time="155.218" errors="0">
  <testcase name="Register" time="4.119" classname="test.RegisterTest"/>
  <testcase name="Login" time="4.938" classname="test.loginTest"/>
  <testcase name="openAccount" time="7.313" classname="test.openAccountTest"/>
  <testcase name="fundTransfer" time="8.201" classname="test.transferFundsTest"/>
  <testcase name="requestLoan" time="1.807" classname="test.requestLoanTest"/>
</testsuite> <!-- ParaBankTest -->
